      0.0000000000000000      0.0000000000000000      0.0000000000000000      0.0000000000000000      0.1372175565298497
      0.1372175565298497      0.7955920739190053      0.0000000000000000      0.0000000000000000
      0.1590407379848324      0.5723222072872128      3.8921782005838637      3.9752587718131025      0.1590407379848324
      0.1206607792343276      0.2668611185135705      0.4430806336667381      0.4441373085340682      0.1206607792343276
      3.1415926535897931      0.0000000000000000      0.0000000000000000      3.1415926535897931      0.0486013176399004
      0.0486013176399004      0.0451944022122875      0.0000000000000000      0.0000000000000000
      0.0510840707907403      0.1590407379848324      0.0473336167247061      3.8921782005838637      0.0510840707907403
      0.0463487092971502      0.1206607792343276      0.0432401877742818      0.4430806336667381      0.0463487092971502
      3.1415926535897931      3.1415926535897931      0.0000000000000000      6.2831853071795862      0.3639980435528301
      0.3639980435528301      0.7990054294933535      0.0000000000000000      0.0000000000000000
      0.5723222072872128      3.8921782005838637      3.9752587718131025      0.0000000000000000      0.5723222072872128
      0.2668611185135705      0.4430806336667381      0.4441373085340682      0.0000000000000000      0.2668611185135705
      0.0000000000000000      0.0000000000000000      0.0000000000000000     10.7260682453379523      0.1372175565298497
      0.1372175565298497      0.7955920739190053      0.0000000000000000      0.0000000000000000
      0.1590407379848324      0.0473336167247061      3.8921782005838637      0.0000000000000000      0.1590407379848324
      0.1206607792343276      0.0432401877742818      0.4430806336667381      0.0000000000000000      0.1206607792343276
      0.0000000000000000      0.0000000000000000      3.1415926535897931     13.8676608989277454      0.7955920739190053
      0.7955920739190053      0.0000000000000000      0.0000000000000000************************
      3.8921782005838637      3.9752587718131025      0.0000000000000000      0.0000000000000000      3.8921782005838637
      0.4430806336667381      0.4441373085340682      0.0000000000000000      0.0000000000000000      0.4430806336667381
      3.1415926535897931      0.0000000000000000      3.1415926535897931     17.0092535525175386      0.0451944022122875
      0.0451944022122875      0.0000000000000000      0.0000000000000000************************
      0.0473336167247061      3.8921782005838637      0.0000000000000000      0.0000000000000000      0.0473336167247061
      0.0432401877742818      0.4430806336667381      0.0000000000000000      0.0000000000000000      0.0432401877742818
      3.1415926535897931      3.1415926535897931      3.1415926535897931     20.1508462061073317      0.7990054294933535
      0.7990054294933535      0.0000000000000000      0.0000000000000000      0.0000000000000000
      3.9752587718131025      0.0000000000000000      0.0000000000000000      0.0000000000000000      3.9752587718131025
      0.4441373085340682      0.0000000000000000      0.0000000000000000      0.0000000000000000      0.4441373085340682
      0.0000000000000000      0.0000000000000000      3.1415926535897931     24.5937291442656978      0.7955920739190053
      0.7955920739190053      0.0000000000000000      0.0000000000000000      0.0000000000000000
      3.8921782005838637      0.0000000000000000      0.0000000000000000      0.0000000000000000      3.8921782005838637
      0.4430806336667381      0.0000000000000000      0.0000000000000000      0.0000000000000000      0.4430806336667381
