 16  2  2  2     -0.0000007164509881      0.0000000000000000
  1     -0.0000007164509881      0.0000000000000000      0.0000007164509881
  2      0.0000000110195311      0.0000000000000000      0.0000000110195311
  3     -0.0000000088699365     -0.0000000000000000      0.0000000088699365
  4      0.0000000089789187     -0.0000000000000000      0.0000000089789187
  5      0.0000000042508597     -0.0000000000000000      0.0000000042508597
  6     -0.0000000025164933      0.0000000000000000      0.0000000025164933
  7      0.0000000016525951     -0.0000000000000000      0.0000000016525951
  8     -0.0000000017643701     -0.0000000000000000      0.0000000017643701
  9     -0.0000000015781541      0.0000000000000000      0.0000000015781541
 10      0.0000000014565425      0.0000000000000000      0.0000000014565425
 11     -0.0000000017580355     -0.0000000000000000      0.0000000017580355
 12     -0.0000000009061271     -0.0000000000000000      0.0000000009061271
 13      0.0000000007295935     -0.0000000000000000      0.0000000007295935
 14      0.0000000008636293      0.0000000000000000      0.0000000008636293
 15     -0.0000000005853394     -0.0000000000000000      0.0000000005853394
 16      0.0000000005532216      0.0000000000000000      0.0000000005532216
 17      0.0000000007376811      0.0000000000000000      0.0000000007376811
 18      0.0000000005090452      0.0000000000000000      0.0000000005090452
 19     -0.0000000005136807     -0.0000000000000000      0.0000000005136807
 20     -0.0000000006757755     -0.0000000000000000      0.0000000006757755
 21     -0.0000000004132981      0.0000000000000000      0.0000000004132981
 22      0.0000000003834218      0.0000000000000000      0.0000000003834218
 23      0.0000000005298215     -0.0000000000000000      0.0000000005298215
 24     -0.0000000003499144     -0.0000000000000000      0.0000000003499144
 25     -0.0000000003240004     -0.0000000000000000      0.0000000003240004
 26     -0.0000000004371033     -0.0000000000000000      0.0000000004371033
 27     -0.0000000002866986     -0.0000000000000000      0.0000000002866986
 28      0.0000000001883971     -0.0000000000000000      0.0000000001883971
 29     -0.0000000002144128     -0.0000000000000000      0.0000000002144128
 30     -0.0000000001857294      0.0000000000000000      0.0000000001857294
 31     -0.0000000001798458     -0.0000000000000000      0.0000000001798458
 32     -0.0000000002343890      0.0000000000000000      0.0000000002343890
 33      0.0000000001726183      0.0000000000000000      0.0000000001726183
 34      0.0000000001674543      0.0000000000000000      0.0000000001674543
 35      0.0000000001434927     -0.0000000000000000      0.0000000001434927
 36      0.0000000001950399     -0.0000000000000000      0.0000000001950399
 37     -0.0000000001347732     -0.0000000000000000      0.0000000001347732
 38      0.0000000001775691     -0.0000000000000000      0.0000000001775691
 39      0.0000000001125244     -0.0000000000000000      0.0000000001125244
 40      0.0000000001482088      0.0000000000000000      0.0000000001482088
 41     -0.0000000000938394      0.0000000000000000      0.0000000000938394
 42     -0.0000000000891538     -0.0000000000000000      0.0000000000891538
 43     -0.0000000001180432      0.0000000000000000      0.0000000001180432
 44      0.0000000001209070      0.0000000000000000      0.0000000001209070
 45      0.0000000001111281      0.0000000000000000      0.0000000001111281
 46     -0.0000000000702898     -0.0000000000000000      0.0000000000702898
 47      0.0000000000640284      0.0000000000000000      0.0000000000640284
 48      0.0000000000856854     -0.0000000000000000      0.0000000000856854
 49     -0.0000000000594772      0.0000000000000000      0.0000000000594772
 50     -0.0000000000720860     -0.0000000000000000      0.0000000000720860
 51      0.0000000000579251     -0.0000000000000000      0.0000000000579251
 52      0.0000000000507031     -0.0000000000000000      0.0000000000507031
 53      0.0000000000501998      0.0000000000000000      0.0000000000501998
 54     -0.0000000000452866      0.0000000000000000      0.0000000000452866
 55      0.0000000000454533     -0.0000000000000000      0.0000000000454533
 56      0.0000000000430265      0.0000000000000000      0.0000000000430265
 57     -0.0000000000385715     -0.0000000000000000      0.0000000000385715
 58     -0.0000000000381199      0.0000000000000000      0.0000000000381199
 59      0.0000000000385287     -0.0000000000000000      0.0000000000385287
 60      0.0000000000522007     -0.0000000000000000      0.0000000000522007
 61      0.0000000000477590      0.0000000000000000      0.0000000000477590
 62     -0.0000000000314981      0.0000000000000000      0.0000000000314981
 63     -0.0000000000318110      0.0000000000000000      0.0000000000318110
 64     -0.0000000000415276     -0.0000000000000000      0.0000000000415276
 65     -0.0000000000295283      0.0000000000000000      0.0000000000295283
 66      0.0000000000305424     -0.0000000000000000      0.0000000000305424
 67      0.0000000000256955      0.0000000000000000      0.0000000000256955
 68      0.0000000000336151      0.0000000000000000      0.0000000000336151
 69     -0.0000000000271700      0.0000000000000000      0.0000000000271700
 70     -0.0000000000237636     -0.0000000000000000      0.0000000000237636
 71     -0.0000000000260840     -0.0000000000000000      0.0000000000260840
 72     -0.0000000000258147     -0.0000000000000000      0.0000000000258147
 73      0.0000000000216235      0.0000000000000000      0.0000000000216235
 74     -0.0000000000195003     -0.0000000000000000      0.0000000000195003
 75      0.0000000000196131     -0.0000000000000000      0.0000000000196131
 76      0.0000000000200322      0.0000000000000000      0.0000000000200322
 77      0.0000000000236151      0.0000000000000000      0.0000000000236151
 78     -0.0000000000270860      0.0000000000000000      0.0000000000270860
 79     -0.0000000000171570      0.0000000000000000      0.0000000000171570
 80     -0.0000000000162317      0.0000000000000000      0.0000000000162317
 81     -0.0000000000214303     -0.0000000000000000      0.0000000000214303
 82      0.0000000000131713      0.0000000000000000      0.0000000000131713
 83     -0.0000000000103333     -0.0000000000000000      0.0000000000103333
 84      0.0000000000105955     -0.0000000000000000      0.0000000000105955
 85      0.0000000000089916      0.0000000000000000      0.0000000000089916
 86     -0.0000000000076170     -0.0000000000000000      0.0000000000076170
 87     -0.0000000000072297      0.0000000000000000      0.0000000000072297
 88      0.0000000000083638      0.0000000000000000      0.0000000000083638
 89     -0.0000000000100418     -0.0000000000000000      0.0000000000100418
 90     -0.0000000000090810     -0.0000000000000000      0.0000000000090810
 91      0.0000000000077656     -0.0000000000000000      0.0000000000077656
 92      0.0000000000071188      0.0000000000000000      0.0000000000071188
 93     -0.0000000000051427     -0.0000000000000000      0.0000000000051427
 94      0.0000000000080652      0.0000000000000000      0.0000000000080652
 95     -0.0000000000044237      0.0000000000000000      0.0000000000044237
 96      0.0000000000050866     -0.0000000000000000      0.0000000000050866
 97     -0.0000000000041624     -0.0000000000000000      0.0000000000041624
 98      0.0000000000047638      0.0000000000000000      0.0000000000047638
 99      0.0000000000046286     -0.0000000000000000      0.0000000000046286
100      0.0000000000036369      0.0000000000000000      0.0000000000036369
101     -0.0000000000036168     -0.0000000000000000      0.0000000000036168
102     -0.0000000000031761      0.0000000000000000      0.0000000000031761
103     -0.0000000000030030     -0.0000000000000000      0.0000000000030030
104      0.0000000000030151     -0.0000000000000000      0.0000000000030151
105     -0.0000000000022627     -0.0000000000000000      0.0000000000022627
106      0.0000000000027630      0.0000000000000000      0.0000000000027630
107     -0.0000000000017464     -0.0000000000000000      0.0000000000017464
108      0.0000000000025923     -0.0000000000000000      0.0000000000025923
109     -0.0000000000013945     -0.0000000000000000      0.0000000000013945
110      0.0000000000011212     -0.0000000000000000      0.0000000000011212
111      0.0000000000023559     -0.0000000000000000      0.0000000000023559
112     -0.0000000000008678      0.0000000000000000      0.0000000000008678
113      0.0000000000006262     -0.0000000000000000      0.0000000000006262
114      0.0000000000005420      0.0000000000000000      0.0000000000005420
115     -0.0000000000000695     -0.0000000000000000      0.0000000000000695
116     -0.0000000000003649      0.0000000000000000      0.0000000000003649
117     -0.0000000000006979      0.0000000000000000      0.0000000000006979
118      0.0000000000080706     -0.0000000000000000      0.0000000000080706
119      0.0000000000003332      0.0000000000000000      0.0000000000003332
120     -0.0000000000055625     -0.0000000000000000      0.0000000000055625
121     -0.0000000000005706      0.0000000000000000      0.0000000000005706
122      0.0000000000001884      0.0000000000000000      0.0000000000001884
123      0.0000000000003860     -0.0000000000000000      0.0000000000003860
124      0.0000000000064775     -0.0000000000000000      0.0000000000064775
125      0.0000000000043403     -0.0000000000000000      0.0000000000043403
126     -0.0000000000027526      0.0000000000000000      0.0000000000027526
127      0.0000000000023952     -0.0000000000000000      0.0000000000023952
128     -0.0000000000005188     -0.0000000000000000      0.0000000000005188
