      0.0000000000000000      0.0000000000000000      0.0000000000000000      0.0000000000000000     -0.2075376989408317
     -0.2075376989408317     -0.2054571534168054      0.0000000000000000     -0.0847043368137134
     -0.1718685049111670     -0.0566021456996293     -0.1704392004597159     -0.0547936756273899     -0.1718685049111670
     -0.2618896806364750     -0.0638277171964902     -0.2585853667934225     -0.0615373958406878     -0.2618896806364750
      3.1415926535897931      0.0000000000000000      0.0000000000000000      3.1415926535897931     -0.0925431423097148
     -0.0925431423097148     -0.0918662030847065      0.0000000000000000     -0.0000000000000000
     -0.0847043368137134     -0.1718685049111670     -0.0841368684415443     -0.1704392004597159     -0.0847043368137134
     -0.1019807625293188     -0.2618896806364750     -0.1011593262983421     -0.2585853667934225     -0.1019807625293188
      3.1415926535897931      3.1415926535897931      0.0000000000000000      6.2831853071795862     -0.0599981709112596
     -0.0599981709112596     -0.0579700687717676     -0.1718685049111670     -0.0566021456996293
     -0.0566021456996293     -0.1704392004597159     -0.0547936756273899      0.0000000000000000     -0.0566021456996293
     -0.0638277171964902     -0.2585853667934225     -0.0615373958406878      0.0000000000000000     -0.0638277171964902
      0.0000000000000000      0.0000000000000000      0.0000000000000000     10.7260682453379523     -0.2075376989408317
     -0.2075376989408317     -0.2054571534168054     -0.0000000000000000     -0.0000000000000000
     -0.1718685049111670     -0.0841368684415443     -0.1704392004597159     -0.2618896806364750     -0.1718685049111670
     -0.2618896806364750     -0.1011593262983421     -0.2585853667934225      0.0000000000000000     -0.2618896806364750
      0.0000000000000000      0.0000000000000000      3.1415926535897931     13.8676608989277454     -0.2054571534168054
     -0.2054571534168054      0.0000000000000000     -0.0847043368137134     -0.1718685049111670
     -0.1704392004597159     -0.0547936756273899      0.0000000000000000     -0.1019807625293188     -0.1704392004597159
     -0.2585853667934225     -0.0615373958406878      0.0000000000000000      0.0000000000000000     -0.2585853667934225
      3.1415926535897931      0.0000000000000000      3.1415926535897931     17.0092535525175386     -0.0918662030847065
     -0.0918662030847065      0.0000000000000000     -0.0000000000000000     -0.0000000000000000
     -0.0841368684415443     -0.1704392004597159     -0.2618896806364750     -0.0638277171964902     -0.0841368684415443
     -0.1011593262983421     -0.2585853667934225      0.0000000000000000      0.0000000000000000     -0.1011593262983421
      3.1415926535897931      3.1415926535897931      3.1415926535897931     20.1508462061073317     -0.0579700687717676
     -0.0579700687717676     -0.1718685049111670     -0.0566021456996293     -0.1704392004597159
     -0.0547936756273899      0.0000000000000000     -0.1019807625293188     -0.2618896806364750     -0.0547936756273899
     -0.0615373958406878      0.0000000000000000      0.0000000000000000      0.0000000000000000     -0.0615373958406878
      0.0000000000000000      0.0000000000000000      3.1415926535897931     24.5937291442656978     -0.2054571534168054
     -0.2054571534168054     -0.0000000000000000     -0.0000000000000000     -0.0000000000000000
     -0.1704392004597159     -0.2618896806364750     -0.0638277171964902     -0.2585853667934225     -0.1704392004597159
     -0.2585853667934225      0.0000000000000000      0.0000000000000000      0.0000000000000000     -0.2585853667934225
